{
  "level":"error",
  "message":"middlewareError",
  "meta":{
    "date":"Sun Jun 14 2026 19:41:47 GMT-0600 (hora estándar central)",
    "error":{
      "statusCode":404
    },
    "exception":true,"level":"error",
    "message":"uncaughtException: Ruta no encontrada\nError: Ruta no encontrada\n at C:\\Users\\Fernando Salvador\\OneDrive - CIATEQ A.C\\Documents\\Proyectos\\TripleTen\\DesarrolloWeb\\Cohorte_34\\web_project_SGAT_backend\\app.js:33:17\n    at Layer.handleRequest (C:\\Users\\Fernando Salvador\\OneDrive - CIATEQ A.C\\Documents\\Proyectos\\TripleTen\\DesarrolloWeb\\Cohorte_34\\web_project_SGAT_backend\\node_modules\\router\\lib\\layer.js:152:17)\n    at trimPrefix (C:\\Users\\Fernando Salvador\\OneDrive - CIATEQ A.C\\Documents\\Proyectos\\TripleTen\\DesarrolloWeb\\Cohorte_34\\web_project_SGAT_backend\\node_modules\\router\\index.js:342:13)\n    at C:\\Users\\Fernando Salvador\\OneDrive - CIATEQ A.C\\Documents\\Proyectos\\TripleTen\\DesarrolloWeb\\Cohorte_34\\web_project_SGAT_backend\\node_modules\\router\\index.js:297:9\n    at processParams (C:\\Users\\Fernando Salvador\\OneDrive - CIATEQ A.C\\Documents\\Proyectos\\TripleTen\\DesarrolloWeb\\Cohorte_34\\web_project_SGAT_backend\\node_modules\\router\\index.js:582:12)\n    at Immediate.next (C:\\Users\\Fernando Salvador\\OneDrive - CIATEQ A.C\\Documents\\Proyectos\\TripleTen\\DesarrolloWeb\\Cohorte_34\\web_project_SGAT_backend\\node_modules\\router\\index.js:291:5)\n    at Immediate._onImmediate (C:\\Users\\Fernando Salvador\\OneDrive - CIATEQ A.C\\Documents\\Proyectos\\TripleTen\\DesarrolloWeb\\Cohorte_34\\web_project_SGAT_backend\\node_modules\\router\\index.js:688:15)\n    at process.processImmediate (node:internal/timers:506:21)",
    "os":{
      "loadavg":[
      0,0,0
      ],
    "uptime":282657.968
    },
    "process":{
      "argv":[
        "C:\\Program Files\\nodejs\\node.exe",
        "C:\\Users\\Fernando Salvador\\OneDrive - CIATEQ A.C\\Documents\\Proyectos\\TripleTen\\DesarrolloWeb\\Cohorte_34\\web_project_SGAT_backend\\app.js"
      ],
      "cwd":"C:\\Users\\Fernando Salvador\\OneDrive - CIATEQ A.C\\Documents\\Proyectos\\TripleTen\\DesarrolloWeb\\Cohorte_34\\web_project_SGAT_backend",
      "execPath":"C:\\Program Files\\nodejs\\node.exe",
      "gid":null,
      "memoryUsage":{
        "arrayBuffers":18495643,
        "external":21095498,
        "heapTotal":28598272,
        "heapUsed":27158088,
        "rss":56041472
      },
      "pid":13124,
      "uid":null,
      "version":"v24.12.0"
    },
    "req":{
      "headers":{
        "accept":"*/*",
        "accept-encoding":"gzip, compress, deflate, br",
        "connection":"close",
        "content-length":"161",
        "content-type":"application/json",
        "host":"localhost:3000",
        "user-agent":"Thunder Client (https://www.thunderclient.com)"
      },
      "httpVersion":"1.1",
      "method":"GET",
      "originalUrl":"/asignacion","query":{},
      "url":"/asignacion"
    },
    "stack":"Error: Ruta no encontrada\n    at C:\\Users\\Fernando Salvador\\OneDrive - CIATEQ A.C\\Documents\\Proyectos\\TripleTen\\DesarrolloWeb\\Cohorte_34\\web_project_SGAT_backend\\app.js:33:17\n    at Layer.handleRequest (C:\\Users\\Fernando Salvador\\OneDrive - CIATEQ A.C\\Documents\\Proyectos\\TripleTen\\DesarrolloWeb\\Cohorte_34\\web_project_SGAT_backend\\node_modules\\router\\lib\\layer.js:152:17)\n    at trimPrefix (C:\\Users\\Fernando Salvador\\OneDrive - CIATEQ A.C\\Documents\\Proyectos\\TripleTen\\DesarrolloWeb\\Cohorte_34\\web_project_SGAT_backend\\node_modules\\router\\index.js:342:13)\n    at C:\\Users\\Fernando Salvador\\OneDrive - CIATEQ A.C\\Documents\\Proyectos\\TripleTen\\DesarrolloWeb\\Cohorte_34\\web_project_SGAT_backend\\node_modules\\router\\index.js:297:9\n    at processParams (C:\\Users\\Fernando Salvador\\OneDrive - CIATEQ A.C\\Documents\\Proyectos\\TripleTen\\DesarrolloWeb\\Cohorte_34\\web_project_SGAT_backend\\node_modules\\router\\index.js:582:12)\n    at Immediate.next (C:\\Users\\Fernando Salvador\\OneDrive - CIATEQ A.C\\Documents\\Proyectos\\TripleTen\\DesarrolloWeb\\Cohorte_34\\web_project_SGAT_backend\\node_modules\\router\\index.js:291:5)\n    at Immediate._onImmediate (C:\\Users\\Fernando Salvador\\OneDrive - CIATEQ A.C\\Documents\\Proyectos\\TripleTen\\DesarrolloWeb\\Cohorte_34\\web_project_SGAT_backend\\node_modules\\router\\index.js:688:15)\n    at process.processImmediate (node:internal/timers:506:21)",
    "trace":[{
      "column":17,
      "file":"C:\\Users\\Fernando Salvador\\OneDrive - CIATEQ A.C\\Documents\\Proyectos\\TripleTen\\DesarrolloWeb\\Cohorte_34\\web_project_SGAT_backend\\app.js",
      "function":null,
      "line":33,
      "method":null,
      "native":false
    },
    {
      "column":17,
      "file":"C:\\Users\\Fernando Salvador\\OneDrive - CIATEQ A.C\\Documents\\Proyectos\\TripleTen\\DesarrolloWeb\\Cohorte_34\\web_project_SGAT_backend\\node_modules\\router\\lib\\layer.js",
      "function":"Layer.handleRequest",
      "line":152,
      "method":"handleRequest",
      "native":false
    },
    {
      "column":13,
      "file":"C:\\Users\\Fernando Salvador\\OneDrive - CIATEQ A.C\\Documents\\Proyectos\\TripleTen\\DesarrolloWeb\\Cohorte_34\\web_project_SGAT_backend\\node_modules\\router\\index.js",
      "function":"trimPrefix",
      "line":342,
      "method":null,
      "native":false
    },
    {
      "column":9,
      "file":"C:\\Users\\Fernando Salvador\\OneDrive - CIATEQ A.C\\Documents\\Proyectos\\TripleTen\\DesarrolloWeb\\Cohorte_34\\web_project_SGAT_backend\\node_modules\\router\\index.js",
      "function":null,
      "line":297,
      "method":null,
      "native":false
    },
    {
      "column":12,
      "file":"C:\\Users\\Fernando Salvador\\OneDrive - CIATEQ A.C\\Documents\\Proyectos\\TripleTen\\DesarrolloWeb\\Cohorte_34\\web_project_SGAT_backend\\node_modules\\router\\index.js",
      "function":"processParams",
      "line":582,
      "method":null,
      "native":false
    },
    {
      "column":5,
      "file":"C:\\Users\\Fernando Salvador\\OneDrive - CIATEQ A.C\\Documents\\Proyectos\\TripleTen\\DesarrolloWeb\\Cohorte_34\\web_project_SGAT_backend\\node_modules\\router\\index.js",
      "function":"Immediate.next",
      "line":291,
      "method":"next",
      "native":false
    },
    {
      "column":15,"file":"C:\\Users\\Fernando Salvador\\OneDrive - CIATEQ A.C\\Documents\\Proyectos\\TripleTen\\DesarrolloWeb\\Cohorte_34\\web_project_SGAT_backend\\node_modules\\router\\index.js",
      "function":"Immediate._onImmediate",
      "line":688,"method":"_onImmediate",
      "native":false
    },
    {
      "column":21,
      "file":"node:internal/timers",
      "function":"process.processImmediate",
      "line":506,
      "method":"processImmediate",
      "native":false
    }]
  }
}
