{
  "level":"info",
  "message":"HTTP GET /asignacion",
  "meta":{
    "req":{
      "headers":{
          "accept":"*/*",
          "accept-encoding":
            "gzip,
            compress,
            deflate,
            br",
          "connection":"close",
          "content-length":"161",
          "content-type":"application/json",
          "host":"localhost:3000",
          "user-agent":"Thunder Client (https://www.thunderclient.com)"
      },
      "httpVersion":"1.1",
      "method":"GET",
      "originalUrl":"/asignacion",
      "query":{},
      "url":"/asignacion"
    },
    "res":{"statusCode":404},
    "responseTime":59
  }
}
{"level":"info","message":"HTTP PATCH /equipments/6a2e581b0aee8515358d85d2","meta":{"req":{"headers":{"accept":"*/*","accept-encoding":"gzip, compress, deflate, br","connection":"close","content-length":"0","content-type":"application/x-www-form-urlencoded","host":"localhost:3000","user-agent":"Thunder Client (https://www.thunderclient.com)"},"httpVersion":"1.1","method":"PATCH","originalUrl":"/equipments/6a2e581b0aee8515358d85d2","query":{},"url":"/equipments/6a2e581b0aee8515358d85d2"},"res":{"statusCode":401},"responseTime":14}}
